[2025-05-19 05:50:41Z INFO HostContext] No proxy settings were found based on environmental variables (http_proxy/https_proxy/HTTP_PROXY/HTTPS_PROXY)
[2025-05-19 05:50:41Z INFO HostContext] Well known directory 'Bin': 'C:\Users\USER\Code\Learning\Automation\github-actions\actions-runner\bin'
[2025-05-19 05:50:41Z INFO HostContext] Well known directory 'Root': 'C:\Users\USER\Code\Learning\Automation\github-actions\actions-runner'
[2025-05-19 05:50:41Z INFO HostContext] Well known config file 'Credentials': 'C:\Users\USER\Code\Learning\Automation\github-actions\actions-runner\.credentials'
[2025-05-19 05:50:41Z INFO HostContext] Well known directory 'Bin': 'C:\Users\USER\Code\Learning\Automation\github-actions\actions-runner\bin'
[2025-05-19 05:50:41Z INFO HostContext] Well known directory 'Root': 'C:\Users\USER\Code\Learning\Automation\github-actions\actions-runner'
[2025-05-19 05:50:41Z INFO HostContext] Well known config file 'Runner': 'C:\Users\USER\Code\Learning\Automation\github-actions\actions-runner\.runner'
[2025-05-19 05:50:41Z INFO Listener] Runner is built for Windows (X64) - win-x64.
[2025-05-19 05:50:41Z INFO Listener] RuntimeInformation: Microsoft Windows 10.0.26100.
[2025-05-19 05:50:41Z INFO Listener] Version: 2.324.0
[2025-05-19 05:50:41Z INFO Listener] Commit: da3412efd49b1cf1a0fbdcbcee4e4ac4cc2177c8
[2025-05-19 05:50:41Z INFO Listener] Culture: en-KE
[2025-05-19 05:50:41Z INFO Listener] UI Culture: en-US
[2025-05-19 05:50:41Z INFO HostContext] Well known directory 'Bin': 'C:\Users\USER\Code\Learning\Automation\github-actions\actions-runner\bin'
[2025-05-19 05:50:41Z INFO HostContext] Well known directory 'Root': 'C:\Users\USER\Code\Learning\Automation\github-actions\actions-runner'
[2025-05-19 05:50:41Z INFO Listener] Validating directory permissions for: 'C:\Users\USER\Code\Learning\Automation\github-actions\actions-runner'
[2025-05-19 05:50:41Z INFO CommandLineParser] Parse
[2025-05-19 05:50:41Z INFO CommandLineParser] Parsing 1 args
[2025-05-19 05:50:41Z INFO CommandLineParser] parsing argument
[2025-05-19 05:50:41Z INFO CommandLineParser] HasArgs: False
[2025-05-19 05:50:41Z INFO CommandLineParser] Adding Command: run
[2025-05-19 05:50:41Z INFO Listener] Arguments parsed
[2025-05-19 05:50:41Z INFO Runner] ExecuteCommand
[2025-05-19 05:50:41Z INFO ConfigurationStore] currentAssemblyLocation: C:\Users\USER\Code\Learning\Automation\github-actions\actions-runner\bin\Runner.Listener.dll
[2025-05-19 05:50:41Z INFO HostContext] Well known directory 'Bin': 'C:\Users\USER\Code\Learning\Automation\github-actions\actions-runner\bin'
[2025-05-19 05:50:41Z INFO ConfigurationStore] binPath: C:\Users\USER\Code\Learning\Automation\github-actions\actions-runner\bin
[2025-05-19 05:50:41Z INFO HostContext] Well known directory 'Bin': 'C:\Users\USER\Code\Learning\Automation\github-actions\actions-runner\bin'
[2025-05-19 05:50:41Z INFO HostContext] Well known directory 'Root': 'C:\Users\USER\Code\Learning\Automation\github-actions\actions-runner'
[2025-05-19 05:50:41Z INFO ConfigurationStore] RootFolder: C:\Users\USER\Code\Learning\Automation\github-actions\actions-runner
[2025-05-19 05:50:41Z INFO HostContext] Well known directory 'Bin': 'C:\Users\USER\Code\Learning\Automation\github-actions\actions-runner\bin'
[2025-05-19 05:50:41Z INFO HostContext] Well known directory 'Root': 'C:\Users\USER\Code\Learning\Automation\github-actions\actions-runner'
[2025-05-19 05:50:41Z INFO HostContext] Well known config file 'Runner': 'C:\Users\USER\Code\Learning\Automation\github-actions\actions-runner\.runner'
[2025-05-19 05:50:41Z INFO ConfigurationStore] ConfigFilePath: C:\Users\USER\Code\Learning\Automation\github-actions\actions-runner\.runner
[2025-05-19 05:50:41Z INFO HostContext] Well known directory 'Bin': 'C:\Users\USER\Code\Learning\Automation\github-actions\actions-runner\bin'
[2025-05-19 05:50:41Z INFO HostContext] Well known directory 'Root': 'C:\Users\USER\Code\Learning\Automation\github-actions\actions-runner'
[2025-05-19 05:50:41Z INFO HostContext] Well known config file 'MigratedRunner': 'C:\Users\USER\Code\Learning\Automation\github-actions\actions-runner\.runner_migrated'
[2025-05-19 05:50:41Z INFO ConfigurationStore] MigratedConfigFilePath: C:\Users\USER\Code\Learning\Automation\github-actions\actions-runner\.runner_migrated
[2025-05-19 05:50:41Z INFO HostContext] Well known directory 'Bin': 'C:\Users\USER\Code\Learning\Automation\github-actions\actions-runner\bin'
[2025-05-19 05:50:41Z INFO HostContext] Well known directory 'Root': 'C:\Users\USER\Code\Learning\Automation\github-actions\actions-runner'
[2025-05-19 05:50:41Z INFO HostContext] Well known config file 'Credentials': 'C:\Users\USER\Code\Learning\Automation\github-actions\actions-runner\.credentials'
[2025-05-19 05:50:41Z INFO ConfigurationStore] CredFilePath: C:\Users\USER\Code\Learning\Automation\github-actions\actions-runner\.credentials
[2025-05-19 05:50:41Z INFO HostContext] Well known directory 'Bin': 'C:\Users\USER\Code\Learning\Automation\github-actions\actions-runner\bin'
[2025-05-19 05:50:41Z INFO HostContext] Well known directory 'Root': 'C:\Users\USER\Code\Learning\Automation\github-actions\actions-runner'
[2025-05-19 05:50:41Z INFO HostContext] Well known config file 'MigratedCredentials': 'C:\Users\USER\Code\Learning\Automation\github-actions\actions-runner\.credentials_migrated'
[2025-05-19 05:50:41Z INFO ConfigurationStore] MigratedCredFilePath: C:\Users\USER\Code\Learning\Automation\github-actions\actions-runner\.credentials_migrated
[2025-05-19 05:50:41Z INFO HostContext] Well known directory 'Bin': 'C:\Users\USER\Code\Learning\Automation\github-actions\actions-runner\bin'
[2025-05-19 05:50:41Z INFO HostContext] Well known directory 'Root': 'C:\Users\USER\Code\Learning\Automation\github-actions\actions-runner'
[2025-05-19 05:50:41Z INFO HostContext] Well known config file 'Service': 'C:\Users\USER\Code\Learning\Automation\github-actions\actions-runner\.service'
[2025-05-19 05:50:41Z INFO ConfigurationStore] ServiceConfigFilePath: C:\Users\USER\Code\Learning\Automation\github-actions\actions-runner\.service
[2025-05-19 05:50:41Z INFO CommandSettings] Flag 'help': 'False'
[2025-05-19 05:50:41Z INFO CommandSettings] Flag 'version': 'False'
[2025-05-19 05:50:41Z INFO CommandSettings] Flag 'commit': 'False'
[2025-05-19 05:50:41Z INFO CommandSettings] Flag 'check': 'False'
[2025-05-19 05:50:41Z INFO CommandSettings] Command 'configure': 'False'
[2025-05-19 05:50:41Z INFO CommandSettings] Command 'remove': 'False'
[2025-05-19 05:50:41Z INFO CommandSettings] Command 'warmup': 'False'
[2025-05-19 05:50:41Z INFO ConfigurationManager] LoadSettings
[2025-05-19 05:50:41Z INFO ConfigurationStore] IsConfigured()
[2025-05-19 05:50:41Z INFO ConfigurationStore] IsConfigured: True
[2025-05-19 05:50:41Z INFO ConfigurationManager] Is configured: True
[2025-05-19 05:50:41Z INFO ConfigurationStore] Read setting file: 305 chars
[2025-05-19 05:50:41Z INFO ConfigurationManager] Settings Loaded
[2025-05-19 05:50:41Z INFO ConfigurationStore] IsServiceConfigured()
[2025-05-19 05:50:41Z INFO ConfigurationStore] IsServiceConfigured: False
[2025-05-19 05:50:41Z INFO CommandSettings] Command 'run': 'True'
[2025-05-19 05:50:41Z INFO ConfigurationStore] IsConfigured()
[2025-05-19 05:50:41Z INFO ConfigurationStore] IsConfigured: True
[2025-05-19 05:50:41Z INFO ConfigurationManager] Is configured: True
[2025-05-19 05:50:41Z INFO Runner] Could not parse the argument value '' for StartupType. Defaulting to Manual
[2025-05-19 05:50:41Z INFO Runner] Set runner startup type - Manual
[2025-05-19 05:50:41Z INFO CommandSettings] Flag 'once': 'False'
[2025-05-19 05:50:41Z INFO CommandSettings] Flag 'once': 'False'
[2025-05-19 05:50:41Z INFO Runner] RunAsync
[2025-05-19 05:50:41Z INFO ConfigurationManager] LoadMigratedSettings
[2025-05-19 05:50:41Z INFO ConfigurationStore] IsMigratedConfigured()
[2025-05-19 05:50:41Z INFO ConfigurationStore] IsMigratedConfigured: False
[2025-05-19 05:50:41Z INFO Runner] Failed to load migrated settings: No migrated configuration found.
[2025-05-19 05:50:41Z INFO Runner] Falling back to original .runner settings
[2025-05-19 05:50:41Z INFO ConfigurationManager] LoadSettings
[2025-05-19 05:50:41Z INFO ConfigurationStore] IsConfigured()
[2025-05-19 05:50:41Z INFO ConfigurationStore] IsConfigured: True
[2025-05-19 05:50:41Z INFO ConfigurationManager] Is configured: True
[2025-05-19 05:50:41Z INFO ConfigurationManager] Settings Loaded
[2025-05-19 05:50:41Z INFO MessageListener] {
  "AgentId": 21,
  "AgentName": "SWEMADI",
  "PoolId": 1,
  "PoolName": "Default",
  "ServerUrl": "https://pipelinesghubeus7.actions.githubusercontent.com/jf5C5tVlpLUFEgoi2Z775Pf4klODZIwI66pL0ZHzfqZHRyYuyG/",
  "GitHubUrl": "https://github.com/TechMadi/github-actions",
  "WorkFolder": "_work"
}
[2025-05-19 05:50:41Z INFO MessageListener] Loading Credentials
[2025-05-19 05:50:41Z INFO ConfigurationStore] HasCredentials()
[2025-05-19 05:50:41Z INFO ConfigurationStore] stored True
[2025-05-19 05:50:41Z INFO CredentialManager] GetCredentialProvider
[2025-05-19 05:50:41Z INFO CredentialManager] Creating type OAuth
[2025-05-19 05:50:41Z INFO CredentialManager] Creating credential type: OAuth
[2025-05-19 05:50:41Z INFO HostContext] Well known directory 'Bin': 'C:\Users\USER\Code\Learning\Automation\github-actions\actions-runner\bin'
[2025-05-19 05:50:41Z INFO HostContext] Well known directory 'Root': 'C:\Users\USER\Code\Learning\Automation\github-actions\actions-runner'
[2025-05-19 05:50:41Z INFO HostContext] Well known config file 'RSACredentials': 'C:\Users\USER\Code\Learning\Automation\github-actions\actions-runner\.credentials_rsaparams'
[2025-05-19 05:50:41Z INFO RSAEncryptedFileKeyManager] Loading RSA key parameters from file C:\Users\USER\Code\Learning\Automation\github-actions\actions-runner\.credentials_rsaparams
[2025-05-19 05:50:41Z INFO MessageListener] Attempt to create session.
[2025-05-19 05:50:41Z INFO MessageListener] Connecting to the Runner Server...
[2025-05-19 05:50:41Z INFO RunnerServer] EstablishVssConnection
[2025-05-19 05:50:41Z INFO RunnerServer] Establish connection with 100 seconds timeout.
[2025-05-19 05:50:41Z INFO GitHubActionsService] Starting operation Location.GetConnectionData
[2025-05-19 05:50:41Z INFO RunnerServer] EstablishVssConnection
[2025-05-19 05:50:41Z INFO RunnerServer] Establish connection with 60 seconds timeout.
[2025-05-19 05:50:41Z INFO GitHubActionsService] Starting operation Location.GetConnectionData
[2025-05-19 05:50:41Z INFO RunnerServer] EstablishVssConnection
[2025-05-19 05:50:41Z INFO RunnerServer] Establish connection with 60 seconds timeout.
[2025-05-19 05:50:41Z INFO GitHubActionsService] Starting operation Location.GetConnectionData
[2025-05-19 05:50:42Z INFO GitHubActionsService] Finished operation Location.GetConnectionData
[2025-05-19 05:50:42Z INFO GitHubActionsService] Finished operation Location.GetConnectionData
[2025-05-19 05:50:42Z INFO GitHubActionsService] Finished operation Location.GetConnectionData
[2025-05-19 05:50:42Z INFO MessageListener] VssConnection created
[2025-05-19 05:50:42Z INFO Terminal] WRITE LINE: 
[2025-05-19 05:50:42Z INFO Terminal] WRITE LINE: 
[2025-05-19 05:50:42Z INFO RSAEncryptedFileKeyManager] Loading RSA key parameters from file C:\Users\USER\Code\Learning\Automation\github-actions\actions-runner\.credentials_rsaparams
[2025-05-19 05:50:42Z INFO RSAEncryptedFileKeyManager] Loading RSA key parameters from file C:\Users\USER\Code\Learning\Automation\github-actions\actions-runner\.credentials_rsaparams
[2025-05-19 05:50:43Z INFO GitHubActionsService] AAD Correlation ID for this token request: Unknown
[2025-05-19 05:50:44Z INFO MessageListener] Session created.
[2025-05-19 05:50:44Z INFO MessageListener] Registering AuthMigrationChanged event handler.
[2025-05-19 05:50:44Z INFO Terminal] WRITE LINE: Current runner version: '2.324.0'
[2025-05-19 05:50:44Z INFO Terminal] WRITE LINE: 2025-05-19 05:50:44Z: Listening for Jobs
[2025-05-19 05:50:44Z INFO JobDispatcher] Set runner/worker IPC timeout to 30 seconds.
[2025-05-19 05:50:44Z INFO ConfigurationStore] HasCredentials()
[2025-05-19 05:50:44Z INFO ConfigurationStore] stored True
[2025-05-19 05:50:44Z INFO CredentialManager] GetCredentialProvider
[2025-05-19 05:50:44Z INFO CredentialManager] Creating type OAuth
[2025-05-19 05:50:44Z INFO CredentialManager] Creating credential type: OAuth
[2025-05-19 05:50:44Z INFO RSAEncryptedFileKeyManager] Loading RSA key parameters from file C:\Users\USER\Code\Learning\Automation\github-actions\actions-runner\.credentials_rsaparams
[2025-05-19 05:50:44Z INFO RSAEncryptedFileKeyManager] Loading RSA key parameters from file C:\Users\USER\Code\Learning\Automation\github-actions\actions-runner\.credentials_rsaparams
[2025-05-19 05:50:44Z INFO RSAEncryptedFileKeyManager] Loading RSA key parameters from file C:\Users\USER\Code\Learning\Automation\github-actions\actions-runner\.credentials_rsaparams
[2025-05-19 05:50:45Z INFO GitHubActionsService] AAD Correlation ID for this token request: Unknown
[2025-05-19 05:51:36Z INFO ConfigurationStore] HasCredentials()
[2025-05-19 05:51:36Z INFO ConfigurationStore] stored True
[2025-05-19 05:51:36Z INFO CredentialManager] GetCredentialProvider
[2025-05-19 05:51:36Z INFO CredentialManager] Creating type OAuth
[2025-05-19 05:51:36Z INFO CredentialManager] Creating credential type: OAuth
[2025-05-19 05:51:36Z INFO RSAEncryptedFileKeyManager] Loading RSA key parameters from file C:\Users\USER\Code\Learning\Automation\github-actions\actions-runner\.credentials_rsaparams
[2025-05-19 05:52:26Z INFO ConfigurationStore] HasCredentials()
[2025-05-19 05:52:26Z INFO ConfigurationStore] stored True
[2025-05-19 05:52:26Z INFO CredentialManager] GetCredentialProvider
[2025-05-19 05:52:26Z INFO CredentialManager] Creating type OAuth
[2025-05-19 05:52:26Z INFO CredentialManager] Creating credential type: OAuth
[2025-05-19 05:52:26Z INFO RSAEncryptedFileKeyManager] Loading RSA key parameters from file C:\Users\USER\Code\Learning\Automation\github-actions\actions-runner\.credentials_rsaparams
