[2025-05-19 05:45:50Z INFO HostContext] No proxy settings were found based on environmental variables (http_proxy/https_proxy/HTTP_PROXY/HTTPS_PROXY)
[2025-05-19 05:45:50Z INFO HostContext] Well known directory 'Bin': 'C:\Users\USER\Code\Learning\Automation\github-actions\actions-runner\bin'
[2025-05-19 05:45:50Z INFO HostContext] Well known directory 'Root': 'C:\Users\USER\Code\Learning\Automation\github-actions\actions-runner'
[2025-05-19 05:45:50Z INFO HostContext] Well known config file 'Credentials': 'C:\Users\USER\Code\Learning\Automation\github-actions\actions-runner\.credentials'
[2025-05-19 05:45:50Z INFO HostContext] Well known directory 'Bin': 'C:\Users\USER\Code\Learning\Automation\github-actions\actions-runner\bin'
[2025-05-19 05:45:50Z INFO HostContext] Well known directory 'Root': 'C:\Users\USER\Code\Learning\Automation\github-actions\actions-runner'
[2025-05-19 05:45:50Z INFO HostContext] Well known config file 'Runner': 'C:\Users\USER\Code\Learning\Automation\github-actions\actions-runner\.runner'
[2025-05-19 05:45:50Z INFO Listener] Runner is built for Windows (X64) - win-x64.
[2025-05-19 05:45:50Z INFO Listener] RuntimeInformation: Microsoft Windows 10.0.26100.
[2025-05-19 05:45:50Z INFO Listener] Version: 2.324.0
[2025-05-19 05:45:50Z INFO Listener] Commit: da3412efd49b1cf1a0fbdcbcee4e4ac4cc2177c8
[2025-05-19 05:45:50Z INFO Listener] Culture: en-KE
[2025-05-19 05:45:50Z INFO Listener] UI Culture: en-US
[2025-05-19 05:45:50Z INFO HostContext] Well known directory 'Bin': 'C:\Users\USER\Code\Learning\Automation\github-actions\actions-runner\bin'
[2025-05-19 05:45:50Z INFO HostContext] Well known directory 'Root': 'C:\Users\USER\Code\Learning\Automation\github-actions\actions-runner'
[2025-05-19 05:45:50Z INFO Listener] Validating directory permissions for: 'C:\Users\USER\Code\Learning\Automation\github-actions\actions-runner'
[2025-05-19 05:45:50Z INFO CommandLineParser] Parse
[2025-05-19 05:45:50Z INFO CommandLineParser] Parsing 5 args
[2025-05-19 05:45:50Z INFO CommandLineParser] parsing argument
[2025-05-19 05:45:50Z INFO CommandLineParser] HasArgs: False
[2025-05-19 05:45:50Z INFO CommandLineParser] Adding Command: configure
[2025-05-19 05:45:50Z INFO CommandLineParser] parsing argument
[2025-05-19 05:45:50Z INFO CommandLineParser] HasArgs: True
[2025-05-19 05:45:50Z INFO CommandLineParser] arg: url
[2025-05-19 05:45:50Z INFO CommandLineParser] parsing argument
[2025-05-19 05:45:50Z INFO CommandLineParser] HasArgs: True
[2025-05-19 05:45:50Z INFO CommandLineParser] Adding option 'url': 'https://github.com/TechMadi/github-actions'
[2025-05-19 05:45:50Z INFO CommandLineParser] parsing argument
[2025-05-19 05:45:50Z INFO CommandLineParser] HasArgs: True
[2025-05-19 05:45:50Z INFO CommandLineParser] arg: token
[2025-05-19 05:45:50Z INFO CommandLineParser] parsing argument
[2025-05-19 05:45:50Z INFO CommandLineParser] HasArgs: True
[2025-05-19 05:45:50Z INFO CommandLineParser] Adding option 'token': '***'
[2025-05-19 05:45:50Z INFO Listener] Arguments parsed
[2025-05-19 05:45:50Z INFO Runner] ExecuteCommand
[2025-05-19 05:45:50Z INFO ConfigurationStore] currentAssemblyLocation: C:\Users\USER\Code\Learning\Automation\github-actions\actions-runner\bin\Runner.Listener.dll
[2025-05-19 05:45:50Z INFO HostContext] Well known directory 'Bin': 'C:\Users\USER\Code\Learning\Automation\github-actions\actions-runner\bin'
[2025-05-19 05:45:50Z INFO ConfigurationStore] binPath: C:\Users\USER\Code\Learning\Automation\github-actions\actions-runner\bin
[2025-05-19 05:45:50Z INFO HostContext] Well known directory 'Bin': 'C:\Users\USER\Code\Learning\Automation\github-actions\actions-runner\bin'
[2025-05-19 05:45:50Z INFO HostContext] Well known directory 'Root': 'C:\Users\USER\Code\Learning\Automation\github-actions\actions-runner'
[2025-05-19 05:45:50Z INFO ConfigurationStore] RootFolder: C:\Users\USER\Code\Learning\Automation\github-actions\actions-runner
[2025-05-19 05:45:50Z INFO HostContext] Well known directory 'Bin': 'C:\Users\USER\Code\Learning\Automation\github-actions\actions-runner\bin'
[2025-05-19 05:45:50Z INFO HostContext] Well known directory 'Root': 'C:\Users\USER\Code\Learning\Automation\github-actions\actions-runner'
[2025-05-19 05:45:50Z INFO HostContext] Well known config file 'Runner': 'C:\Users\USER\Code\Learning\Automation\github-actions\actions-runner\.runner'
[2025-05-19 05:45:50Z INFO ConfigurationStore] ConfigFilePath: C:\Users\USER\Code\Learning\Automation\github-actions\actions-runner\.runner
[2025-05-19 05:45:50Z INFO HostContext] Well known directory 'Bin': 'C:\Users\USER\Code\Learning\Automation\github-actions\actions-runner\bin'
[2025-05-19 05:45:50Z INFO HostContext] Well known directory 'Root': 'C:\Users\USER\Code\Learning\Automation\github-actions\actions-runner'
[2025-05-19 05:45:50Z INFO HostContext] Well known config file 'MigratedRunner': 'C:\Users\USER\Code\Learning\Automation\github-actions\actions-runner\.runner_migrated'
[2025-05-19 05:45:50Z INFO ConfigurationStore] MigratedConfigFilePath: C:\Users\USER\Code\Learning\Automation\github-actions\actions-runner\.runner_migrated
[2025-05-19 05:45:50Z INFO HostContext] Well known directory 'Bin': 'C:\Users\USER\Code\Learning\Automation\github-actions\actions-runner\bin'
[2025-05-19 05:45:50Z INFO HostContext] Well known directory 'Root': 'C:\Users\USER\Code\Learning\Automation\github-actions\actions-runner'
[2025-05-19 05:45:50Z INFO HostContext] Well known config file 'Credentials': 'C:\Users\USER\Code\Learning\Automation\github-actions\actions-runner\.credentials'
[2025-05-19 05:45:50Z INFO ConfigurationStore] CredFilePath: C:\Users\USER\Code\Learning\Automation\github-actions\actions-runner\.credentials
[2025-05-19 05:45:50Z INFO HostContext] Well known directory 'Bin': 'C:\Users\USER\Code\Learning\Automation\github-actions\actions-runner\bin'
[2025-05-19 05:45:50Z INFO HostContext] Well known directory 'Root': 'C:\Users\USER\Code\Learning\Automation\github-actions\actions-runner'
[2025-05-19 05:45:50Z INFO HostContext] Well known config file 'MigratedCredentials': 'C:\Users\USER\Code\Learning\Automation\github-actions\actions-runner\.credentials_migrated'
[2025-05-19 05:45:50Z INFO ConfigurationStore] MigratedCredFilePath: C:\Users\USER\Code\Learning\Automation\github-actions\actions-runner\.credentials_migrated
[2025-05-19 05:45:50Z INFO HostContext] Well known directory 'Bin': 'C:\Users\USER\Code\Learning\Automation\github-actions\actions-runner\bin'
[2025-05-19 05:45:50Z INFO HostContext] Well known directory 'Root': 'C:\Users\USER\Code\Learning\Automation\github-actions\actions-runner'
[2025-05-19 05:45:50Z INFO HostContext] Well known config file 'Service': 'C:\Users\USER\Code\Learning\Automation\github-actions\actions-runner\.service'
[2025-05-19 05:45:50Z INFO ConfigurationStore] ServiceConfigFilePath: C:\Users\USER\Code\Learning\Automation\github-actions\actions-runner\.service
[2025-05-19 05:45:50Z INFO CommandSettings] Flag 'help': 'False'
[2025-05-19 05:45:50Z INFO CommandSettings] Flag 'version': 'False'
[2025-05-19 05:45:50Z INFO CommandSettings] Flag 'commit': 'False'
[2025-05-19 05:45:50Z INFO CommandSettings] Flag 'check': 'False'
[2025-05-19 05:45:50Z INFO CommandSettings] Command 'configure': 'True'
[2025-05-19 05:45:50Z INFO Terminal] WRITE LINE: 
[2025-05-19 05:45:50Z INFO Terminal] WRITE LINE: --------------------------------------------------------------------------------
[2025-05-19 05:45:50Z INFO Terminal] WRITE LINE: |        ____ _ _   _   _       _          _        _   _                      |
[2025-05-19 05:45:50Z INFO Terminal] WRITE LINE: |       / ___(_) |_| | | |_   _| |__      / \   ___| |_(_) ___  _ __  ___      |
[2025-05-19 05:45:50Z INFO Terminal] WRITE LINE: |      | |  _| | __| |_| | | | | '_ \    / _ \ / __| __| |/ _ \| '_ \/ __|     |
[2025-05-19 05:45:50Z INFO Terminal] WRITE LINE: |      | |_| | | |_|  _  | |_| | |_) |  / ___ \ (__| |_| | (_) | | | \__ \     |
[2025-05-19 05:45:50Z INFO Terminal] WRITE LINE: |       \____|_|\__|_| |_|\__,_|_.__/  /_/   \_\___|\__|_|\___/|_| |_|___/     |
[2025-05-19 05:45:50Z INFO Terminal] WRITE LINE: |                                                                              |
[2025-05-19 05:45:50Z INFO Terminal] WRITE: |                       
[2025-05-19 05:45:50Z INFO Terminal] WRITE: Self-hosted runner registration
[2025-05-19 05:45:50Z INFO Terminal] WRITE LINE:                         |
[2025-05-19 05:45:50Z INFO Terminal] WRITE LINE: |                                                                              |
[2025-05-19 05:45:50Z INFO Terminal] WRITE LINE: --------------------------------------------------------------------------------
[2025-05-19 05:45:50Z INFO ConfigurationManager] ConfigureAsync
[2025-05-19 05:45:50Z INFO CommandSettings] Flag 'generateServiceConfig': 'False'
[2025-05-19 05:45:50Z INFO ConfigurationStore] IsConfigured()
[2025-05-19 05:45:50Z INFO ConfigurationStore] IsConfigured: False
[2025-05-19 05:45:50Z INFO ConfigurationManager] Is configured: False
[2025-05-19 05:45:50Z INFO CommandSettings] Arg 'url': 'https://github.com/TechMadi/github-actions'
[2025-05-19 05:45:50Z INFO CommandSettings] Remove url from Arg dictionary.
[2025-05-19 05:45:50Z INFO CommandSettings] Arg 'token': '***'
[2025-05-19 05:45:50Z INFO CommandSettings] Remove token from Arg dictionary.
[2025-05-19 05:45:51Z INFO ConfigurationManager] Http response code: OK from 'POST https://api.github.com/actions/runner-registration' (D86D:2AC5FA:4CC4DF:A045DA:682AC58F)
[2025-05-19 05:45:51Z INFO ConfigurationManager] Using V2 flow: False
[2025-05-19 05:45:51Z INFO ConfigurationManager] cred retrieved via GitHub auth
[2025-05-19 05:45:51Z INFO RunnerServer] EstablishVssConnection
[2025-05-19 05:45:51Z INFO RunnerServer] Establish connection with 100 seconds timeout.
[2025-05-19 05:45:51Z INFO GitHubActionsService] Starting operation Location.GetConnectionData
[2025-05-19 05:45:51Z INFO RunnerServer] EstablishVssConnection
[2025-05-19 05:45:51Z INFO RunnerServer] Establish connection with 60 seconds timeout.
[2025-05-19 05:45:51Z INFO GitHubActionsService] Starting operation Location.GetConnectionData
[2025-05-19 05:45:51Z INFO RunnerServer] EstablishVssConnection
[2025-05-19 05:45:51Z INFO RunnerServer] Establish connection with 60 seconds timeout.
[2025-05-19 05:45:51Z INFO GitHubActionsService] Starting operation Location.GetConnectionData
[2025-05-19 05:45:52Z INFO GitHubActionsService] Finished operation Location.GetConnectionData
[2025-05-19 05:45:52Z INFO GitHubActionsService] Finished operation Location.GetConnectionData
[2025-05-19 05:45:52Z INFO GitHubActionsService] Finished operation Location.GetConnectionData
[2025-05-19 05:45:52Z INFO Terminal] WRITE LINE: 
[2025-05-19 05:45:52Z INFO ConfigurationManager] Test Connection complete.
[2025-05-19 05:45:52Z INFO HostContext] Well known directory 'Bin': 'C:\Users\USER\Code\Learning\Automation\github-actions\actions-runner\bin'
[2025-05-19 05:45:52Z INFO HostContext] Well known directory 'Root': 'C:\Users\USER\Code\Learning\Automation\github-actions\actions-runner'
[2025-05-19 05:45:52Z INFO HostContext] Well known config file 'RSACredentials': 'C:\Users\USER\Code\Learning\Automation\github-actions\actions-runner\.credentials_rsaparams'
[2025-05-19 05:45:52Z INFO RSAEncryptedFileKeyManager] Found existing RSA key parameters file C:\Users\USER\Code\Learning\Automation\github-actions\actions-runner\.credentials_rsaparams
[2025-05-19 05:45:53Z INFO CommandSettings] Arg 'runnergroup': ''
[2025-05-19 05:45:53Z INFO CommandSettings] Flag 'unattended': 'False'
[2025-05-19 05:45:53Z INFO PromptManager] ReadValue
[2025-05-19 05:45:53Z INFO Terminal] WRITE: Enter the name of the runner group to add this runner to: 
[2025-05-19 05:45:53Z INFO Terminal] WRITE: [press Enter for Default] 
[2025-05-19 05:45:53Z INFO Terminal] READ LINE
[2025-05-19 05:45:54Z INFO Terminal] Read value: ''
[2025-05-19 05:45:54Z INFO PromptManager] Falling back to the default: 'Default'
[2025-05-19 05:45:54Z INFO Terminal] WRITE LINE: 
[2025-05-19 05:45:54Z INFO ConfigurationManager] Found a self-hosted runner group with id 1 and name Default
[2025-05-19 05:45:54Z INFO CommandSettings] Flag 'disableupdate': 'False'
[2025-05-19 05:45:54Z INFO CommandSettings] Flag 'ephemeral': 'False'
[2025-05-19 05:45:54Z INFO CommandSettings] Arg 'name': ''
[2025-05-19 05:45:54Z INFO CommandSettings] Flag 'unattended': 'False'
[2025-05-19 05:45:54Z INFO PromptManager] ReadValue
[2025-05-19 05:45:54Z INFO Terminal] WRITE: Enter the name of runner: 
[2025-05-19 05:45:54Z INFO Terminal] WRITE: [press Enter for SWEMADI] 
[2025-05-19 05:45:54Z INFO Terminal] READ LINE
[2025-05-19 05:45:55Z INFO Terminal] Read value: ''
[2025-05-19 05:45:55Z INFO PromptManager] Falling back to the default: 'SWEMADI'
[2025-05-19 05:45:55Z INFO Terminal] WRITE LINE: 
[2025-05-19 05:45:55Z INFO CommandSettings] Arg 'labels': ''
[2025-05-19 05:45:55Z INFO CommandSettings] Flag 'unattended': 'False'
[2025-05-19 05:45:55Z INFO PromptManager] ReadValue
[2025-05-19 05:45:55Z INFO Terminal] WRITE: This runner will have the following labels: 'self-hosted', 'Windows', 'X64' 
Enter any additional labels (ex. label-1,label-2): 
[2025-05-19 05:45:55Z INFO Terminal] WRITE: [press Enter to skip] 
[2025-05-19 05:45:55Z INFO Terminal] READ LINE
[2025-05-19 05:46:00Z INFO Terminal] Read value: ''
[2025-05-19 05:46:00Z INFO Terminal] WRITE LINE: 
[2025-05-19 05:46:00Z INFO CommandSettings] Flag 'disableupdate': 'False'
[2025-05-19 05:46:00Z INFO CommandSettings] Flag 'no-default-labels': 'False'
[2025-05-19 05:46:00Z INFO CommandSettings] Flag 'disableupdate': 'False'
[2025-05-19 05:46:00Z INFO CommandSettings] Flag 'ephemeral': 'False'
[2025-05-19 05:46:00Z INFO ConfigurationStore] Saving OAuth credential @ C:\Users\USER\Code\Learning\Automation\github-actions\actions-runner\.credentials
[2025-05-19 05:46:00Z INFO ConfigurationStore] Credentials Saved.
[2025-05-19 05:46:00Z INFO ConfigurationStore] HasCredentials()
[2025-05-19 05:46:00Z INFO ConfigurationStore] stored True
[2025-05-19 05:46:00Z INFO CredentialManager] GetCredentialProvider
[2025-05-19 05:46:00Z INFO CredentialManager] Creating type OAuth
[2025-05-19 05:46:00Z INFO CredentialManager] Creating credential type: OAuth
[2025-05-19 05:46:00Z INFO RSAEncryptedFileKeyManager] Loading RSA key parameters from file C:\Users\USER\Code\Learning\Automation\github-actions\actions-runner\.credentials_rsaparams
[2025-05-19 05:46:00Z INFO RunnerServer] EstablishVssConnection
[2025-05-19 05:46:00Z INFO RunnerServer] Establish connection with 100 seconds timeout.
[2025-05-19 05:46:00Z INFO GitHubActionsService] Starting operation Location.GetConnectionData
[2025-05-19 05:46:00Z INFO RunnerServer] EstablishVssConnection
[2025-05-19 05:46:00Z INFO RunnerServer] Establish connection with 60 seconds timeout.
[2025-05-19 05:46:00Z INFO GitHubActionsService] Starting operation Location.GetConnectionData
[2025-05-19 05:46:00Z INFO RunnerServer] EstablishVssConnection
[2025-05-19 05:46:00Z INFO RunnerServer] Establish connection with 60 seconds timeout.
[2025-05-19 05:46:00Z INFO GitHubActionsService] Starting operation Location.GetConnectionData
[2025-05-19 05:46:01Z INFO GitHubActionsService] Finished operation Location.GetConnectionData
[2025-05-19 05:46:01Z INFO GitHubActionsService] Finished operation Location.GetConnectionData
[2025-05-19 05:46:01Z INFO GitHubActionsService] Finished operation Location.GetConnectionData
[2025-05-19 05:46:02Z INFO RSAEncryptedFileKeyManager] Loading RSA key parameters from file C:\Users\USER\Code\Learning\Automation\github-actions\actions-runner\.credentials_rsaparams
[2025-05-19 05:46:02Z INFO RSAEncryptedFileKeyManager] Loading RSA key parameters from file C:\Users\USER\Code\Learning\Automation\github-actions\actions-runner\.credentials_rsaparams
[2025-05-19 05:46:03Z INFO GitHubActionsService] AAD Correlation ID for this token request: Unknown
[2025-05-19 05:46:03Z INFO CommandSettings] Arg 'work': ''
[2025-05-19 05:46:03Z INFO CommandSettings] Flag 'unattended': 'False'
[2025-05-19 05:46:03Z INFO PromptManager] ReadValue
[2025-05-19 05:46:03Z INFO Terminal] WRITE: Enter name of work folder: 
[2025-05-19 05:46:03Z INFO Terminal] WRITE: [press Enter for _work] 
[2025-05-19 05:46:03Z INFO Terminal] READ LINE
[2025-05-19 05:46:21Z INFO Terminal] Read value: ''
[2025-05-19 05:46:21Z INFO PromptManager] Falling back to the default: '_work'
[2025-05-19 05:46:21Z INFO ConfigurationStore] Saving runner settings.
[2025-05-19 05:46:21Z INFO ConfigurationStore] Settings Saved.
[2025-05-19 05:46:21Z INFO Terminal] WRITE LINE: 
[2025-05-19 05:46:21Z INFO Terminal] WRITE LINE: 
[2025-05-19 05:46:21Z INFO CommandSettings] Flag 'runasservice': 'False'
[2025-05-19 05:46:21Z INFO CommandSettings] Flag 'unattended': 'False'
[2025-05-19 05:46:21Z INFO PromptManager] ReadValue
[2025-05-19 05:46:21Z INFO Terminal] WRITE: Would you like to run the runner as service? (Y/N) 
[2025-05-19 05:46:21Z INFO Terminal] WRITE: [press Enter for N] 
[2025-05-19 05:46:21Z INFO Terminal] READ LINE
[2025-05-19 05:46:36Z INFO Terminal] Read value: ''
[2025-05-19 05:46:36Z INFO PromptManager] Invalid value.
[2025-05-19 05:46:36Z INFO Terminal] WRITE LINE: Entered value is invalid
[2025-05-19 05:46:36Z INFO Terminal] WRITE: Would you like to run the runner as service? (Y/N) 
[2025-05-19 05:46:36Z INFO Terminal] WRITE: [press Enter for N] 
[2025-05-19 05:46:36Z INFO Terminal] READ LINE
[2025-05-19 05:46:40Z INFO Terminal] Read value: 'n'
[2025-05-19 05:46:40Z INFO Listener] Runner execution has finished with return code 0
